

============================== 2023-03-10 11:19:14.027242 | b2c1ef0a-be54-492e-881e-2bb289a86320 ==============================
[0m11:19:14.027242 [info ] [MainThread]: Running with dbt=1.4.4
[0m11:19:14.028809 [debug] [MainThread]: running dbt with arguments {'write_json': True, 'use_colors': True, 'printer_width': 80, 'version_check': True, 'partial_parse': True, 'static_parser': True, 'profiles_dir': 'C:\\Users\\prince.kumar_mavenwa\\.dbt', 'send_anonymous_usage_stats': True, 'quiet': False, 'no_print': False, 'cache_selected_only': False, 'project_name': 'jaffle_shop', 'skip_profile_setup': False, 'which': 'init', 'indirect_selection': 'eager'}
[0m11:19:14.028809 [debug] [MainThread]: Tracking: tracking
[0m11:19:14.029810 [debug] [MainThread]: Sending event: {'category': 'dbt', 'action': 'invocation', 'label': 'start', 'context': [<snowplow_tracker.self_describing_json.SelfDescribingJson object at 0x0000027A8B6F26A0>, <snowplow_tracker.self_describing_json.SelfDescribingJson object at 0x0000027A8B6F2670>, <snowplow_tracker.self_describing_json.SelfDescribingJson object at 0x0000027A8B6F22E0>]}
[0m11:19:14.073974 [debug] [MainThread]: Starter project path: c:\dbt_sf_work\venv\lib\site-packages\dbt\include\starter_project
[0m11:24:33.830177 [info ] [MainThread]: Profile jaffle_shop written to C:\Users\prince.kumar_mavenwa\.dbt\profiles.yml using target's profile_template.yml and your supplied values. Run 'dbt debug' to validate the connection.
[0m11:24:33.832194 [info ] [MainThread]: 
Your new dbt project "jaffle_shop" was created!

For more information on how to configure the profiles.yml file,
please consult the dbt documentation here:

  https://docs.getdbt.com/docs/configure-your-profile

One more thing:

Need help? Don't hesitate to reach out to us via GitHub issues or on Slack:

  https://community.getdbt.com/

Happy modeling!

[0m11:24:33.835169 [debug] [MainThread]: Sending event: {'category': 'dbt', 'action': 'invocation', 'label': 'end', 'context': [<snowplow_tracker.self_describing_json.SelfDescribingJson object at 0x0000027A8B6F20D0>, <snowplow_tracker.self_describing_json.SelfDescribingJson object at 0x0000027A8B6F2100>, <snowplow_tracker.self_describing_json.SelfDescribingJson object at 0x0000027A8B6F2CA0>]}
[0m11:24:33.836169 [debug] [MainThread]: Flushing usage events


============================== 2023-03-10 11:24:51.336370 | eb16478d-0350-4156-86c3-16df3fa63f9f ==============================
[0m11:24:51.336370 [info ] [MainThread]: Running with dbt=1.4.4
[0m11:24:51.340435 [debug] [MainThread]: running dbt with arguments {'write_json': True, 'use_colors': True, 'printer_width': 80, 'version_check': True, 'partial_parse': True, 'static_parser': True, 'profiles_dir': 'C:\\Users\\prince.kumar_mavenwa\\.dbt', 'send_anonymous_usage_stats': True, 'quiet': False, 'no_print': False, 'cache_selected_only': False, 'config_dir': False, 'which': 'debug', 'indirect_selection': 'eager'}
[0m11:24:51.340435 [debug] [MainThread]: Tracking: tracking
[0m11:24:51.341434 [debug] [MainThread]: Sending event: {'category': 'dbt', 'action': 'invocation', 'label': 'start', 'context': [<snowplow_tracker.self_describing_json.SelfDescribingJson object at 0x000001F1D6952640>, <snowplow_tracker.self_describing_json.SelfDescribingJson object at 0x000001F1D6952580>, <snowplow_tracker.self_describing_json.SelfDescribingJson object at 0x000001F1D69522B0>]}
[0m11:24:51.800816 [debug] [MainThread]: Executing "git --help"
[0m11:24:51.889818 [debug] [MainThread]: STDOUT: "b"usage: git [-v | --version] [-h | --help] [-C <path>] [-c <name>=<value>]\n           [--exec-path[=<path>]] [--html-path] [--man-path] [--info-path]\n           [-p | --paginate | -P | --no-pager] [--no-replace-objects] [--bare]\n           [--git-dir=<path>] [--work-tree=<path>] [--namespace=<name>]\n           [--super-prefix=<path>] [--config-env=<name>=<envvar>]\n           <command> [<args>]\n\nThese are common Git commands used in various situations:\n\nstart a working area (see also: git help tutorial)\n   clone     Clone a repository into a new directory\n   init      Create an empty Git repository or reinitialize an existing one\n\nwork on the current change (see also: git help everyday)\n   add       Add file contents to the index\n   mv        Move or rename a file, a directory, or a symlink\n   restore   Restore working tree files\n   rm        Remove files from the working tree and from the index\n\nexamine the history and state (see also: git help revisions)\n   bisect    Use binary search to find the commit that introduced a bug\n   diff      Show changes between commits, commit and working tree, etc\n   grep      Print lines matching a pattern\n   log       Show commit logs\n   show      Show various types of objects\n   status    Show the working tree status\n\ngrow, mark and tweak your common history\n   branch    List, create, or delete branches\n   commit    Record changes to the repository\n   merge     Join two or more development histories together\n   rebase    Reapply commits on top of another base tip\n   reset     Reset current HEAD to the specified state\n   switch    Switch branches\n   tag       Create, list, delete or verify a tag object signed with GPG\n\ncollaborate (see also: git help workflows)\n   fetch     Download objects and refs from another repository\n   pull      Fetch from and integrate with another repository or a local branch\n   push      Update remote refs along with associated objects\n\n'git help -a' and 'git help -g' list available subcommands and some\nconcept guides. See 'git help <command>' or 'git help <concept>'\nto read about a specific subcommand or concept.\nSee 'git help git' for an overview of the system.\n""
[0m11:24:51.889818 [debug] [MainThread]: STDERR: "b''"
[0m11:24:51.893821 [debug] [MainThread]: Acquiring new snowflake connection 'debug'
[0m11:24:51.895152 [debug] [MainThread]: Using snowflake connection "debug"
[0m11:24:51.895818 [debug] [MainThread]: On debug: select 1 as id
[0m11:24:51.895818 [debug] [MainThread]: Opening a new connection, currently in state init
[0m11:24:54.100951 [debug] [MainThread]: SQL status: SUCCESS 1 in 2 seconds
[0m11:24:54.100951 [debug] [MainThread]: On debug: Close
[0m11:24:54.658320 [debug] [MainThread]: Sending event: {'category': 'dbt', 'action': 'invocation', 'label': 'end', 'context': [<snowplow_tracker.self_describing_json.SelfDescribingJson object at 0x000001F1D77FDDC0>, <snowplow_tracker.self_describing_json.SelfDescribingJson object at 0x000001F1D6D12B20>, <snowplow_tracker.self_describing_json.SelfDescribingJson object at 0x000001F1D76DE370>]}
[0m11:24:54.659322 [debug] [MainThread]: Flushing usage events
[0m11:24:56.032073 [debug] [MainThread]: Connection 'debug' was properly closed.
